c:\users\amit\desktop\school-level3\school\x64\debug\vc141.pdb
c:\users\amit\desktop\school-level3\school\x64\debug\vc141.idb
c:\users\amit\desktop\school-level3\school\x64\debug\trip.obj
c:\users\amit\desktop\school-level3\school\x64\debug\teacher.obj
c:\users\amit\desktop\school-level3\school\x64\debug\student.obj
c:\users\amit\desktop\school-level3\school\x64\debug\source.obj
c:\users\amit\desktop\school-level3\school\x64\debug\school.obj
c:\users\amit\desktop\school-level3\school\x64\debug\person.obj
c:\users\amit\desktop\school-level3\school\x64\debug\manager.obj
c:\users\amit\desktop\school-level3\school\x64\debug\grade.obj
c:\users\amit\desktop\school-level3\school\x64\debug\employee.obj
c:\users\amit\desktop\school-level3\school\x64\debug\classtrip.obj
c:\users\amit\desktop\school-level3\school\x64\debug\classcampingtrip.obj
c:\users\amit\desktop\school-level3\school\x64\debug\class.obj
c:\users\amit\desktop\school-level3\school\x64\debug\campingtrip.obj
c:\users\amit\desktop\school-level3\x64\debug\school.exe
c:\users\amit\desktop\school-level3\x64\debug\school.ilk
c:\users\amit\desktop\school-level3\x64\debug\school.pdb
c:\users\amit\desktop\school-level3\school\x64\debug\school.tlog\cl.command.1.tlog
c:\users\amit\desktop\school-level3\school\x64\debug\school.tlog\cl.read.1.tlog
c:\users\amit\desktop\school-level3\school\x64\debug\school.tlog\cl.write.1.tlog
c:\users\amit\desktop\school-level3\school\x64\debug\school.tlog\link.command.1.tlog
c:\users\amit\desktop\school-level3\school\x64\debug\school.tlog\link.read.1.tlog
c:\users\amit\desktop\school-level3\school\x64\debug\school.tlog\link.write.1.tlog
